[debug] [2024-06-04T12:04:01.134Z] ----------------------------------------------------------------------
[debug] [2024-06-04T12:04:01.134Z] Command:       /Users/rachie/.nvm/versions/node/v18.17.0/bin/node /Users/rachie/.nvm/versions/node/v16.15.1/bin/firebase init
[debug] [2024-06-04T12:04:01.135Z] CLI Version:   11.17.0
[debug] [2024-06-04T12:04:01.135Z] Platform:      darwin
[debug] [2024-06-04T12:04:01.135Z] Node Version:  v18.17.0
[debug] [2024-06-04T12:04:01.136Z] Time:          Tue Jun 04 2024 14:04:01 GMT+0200 (Central European Summer Time)
[debug] [2024-06-04T12:04:01.136Z] ----------------------------------------------------------------------
[debug] 
[debug] [2024-06-04T12:04:01.137Z] >>> [apiv2][query] GET https://firebase-public.firebaseio.com/cli.json [none]
[debug] [2024-06-04T12:04:01.159Z] > command requires scopes: ["email","openid","https://www.googleapis.com/auth/cloudplatformprojects.readonly","https://www.googleapis.com/auth/firebase","https://www.googleapis.com/auth/cloud-platform"]
[debug] [2024-06-04T12:04:01.160Z] > authorizing via signed-in user (rachaelannabelle@gmail.com)
[info] 
     ######## #### ########  ######## ########     ###     ######  ########
     ##        ##  ##     ## ##       ##     ##  ##   ##  ##       ##
     ######    ##  ########  ######   ########  #########  ######  ######
     ##        ##  ##    ##  ##       ##     ## ##     ##       ## ##
     ##       #### ##     ## ######## ########  ##     ##  ######  ########

You're about to initialize a Firebase project in this directory:

  /Users/rachie/Desktop/Code/rachiecodes/gullie-recruit

[debug] [2024-06-04T12:04:01.454Z] <<< [apiv2][status] GET https://firebase-public.firebaseio.com/cli.json 200
[debug] [2024-06-04T12:04:01.454Z] <<< [apiv2][body] GET https://firebase-public.firebaseio.com/cli.json {"cloudBuildErrorAfter":1594252800000,"cloudBuildWarnAfter":1590019200000,"defaultNode10After":1594252800000,"minVersion":"3.0.5","node8DeploysDisabledAfter":1613390400000,"node8RuntimeDisabledAfter":1615809600000,"node8WarnAfter":1600128000000}
